DEB [20170830-15:19:08.892] thr=1   paramiko.transport: starting thread (client mode): 0xb3e67150L
DEB [20170830-15:19:08.892] thr=1   paramiko.transport: Local version/idstring: SSH-2.0-paramiko_2.2.1
DEB [20170830-15:19:08.932] thr=1   paramiko.transport: Remote version/idstring: SSH-2.0-OpenSSH_7.2p2 Ubuntu-4ubuntu2.2
INF [20170830-15:19:08.932] thr=1   paramiko.transport: Connected (version 2.0, client OpenSSH_7.2p2)
DEB [20170830-15:19:08.965] thr=1   paramiko.transport: kex algos:[u'curve25519-sha256@libssh.org', u'ecdh-sha2-nistp256', u'ecdh-sha2-nistp384', u'ecdh-sha2-nistp521', u'diffie-hellman-group-exchange-sha256', u'diffie-hellman-group14-sha1'] server key:[u'ssh-rsa', u'rsa-sha2-512', u'rsa-sha2-256', u'ecdsa-sha2-nistp256', u'ssh-ed25519'] client encrypt:[u'chacha20-poly1305@openssh.com', u'aes128-ctr', u'aes192-ctr', u'aes256-ctr', u'aes128-gcm@openssh.com', u'aes256-gcm@openssh.com'] server encrypt:[u'chacha20-poly1305@openssh.com', u'aes128-ctr', u'aes192-ctr', u'aes256-ctr', u'aes128-gcm@openssh.com', u'aes256-gcm@openssh.com'] client mac:[u'umac-64-etm@openssh.com', u'umac-128-etm@openssh.com', u'hmac-sha2-256-etm@openssh.com', u'hmac-sha2-512-etm@openssh.com', u'hmac-sha1-etm@openssh.com', u'umac-64@openssh.com', u'umac-128@openssh.com', u'hmac-sha2-256', u'hmac-sha2-512', u'hmac-sha1'] server mac:[u'umac-64-etm@openssh.com', u'umac-128-etm@openssh.com', u'hmac-sha2-256-etm@openssh.com', u'hmac-sha2-512-etm@openssh.com', u'hmac-sha1-etm@openssh.com', u'umac-64@openssh.com', u'umac-128@openssh.com', u'hmac-sha2-256', u'hmac-sha2-512', u'hmac-sha1'] client compress:[u'none', u'zlib@openssh.com'] server compress:[u'none', u'zlib@openssh.com'] client lang:[u''] server lang:[u''] kex follows?False
DEB [20170830-15:19:08.966] thr=1   paramiko.transport: Kex agreed: ecdh-sha2-nistp256
DEB [20170830-15:19:08.966] thr=1   paramiko.transport: HostKey agreed: ssh-ed25519
DEB [20170830-15:19:08.966] thr=1   paramiko.transport: Cipher agreed: aes128-ctr
DEB [20170830-15:19:08.966] thr=1   paramiko.transport: MAC agreed: hmac-sha2-256
DEB [20170830-15:19:08.966] thr=1   paramiko.transport: Compression agreed: none
DEB [20170830-15:19:09.113] thr=1   paramiko.transport: kex engine KexNistp256 specified hash_algo <built-in function openssl_sha256>
DEB [20170830-15:19:09.113] thr=1   paramiko.transport: Switch to new keys ...
DEB [20170830-15:19:09.115] thr=2   paramiko.transport: Adding ssh-ed25519 host key for 180.76.151.102: 5c22f3ee20ee37bc9262637495e88b2d
DEB [20170830-15:19:09.116] thr=2   paramiko.transport: Trying SSH agent key f197b7531d8a20d166f9f4249eb702d4
DEB [20170830-15:19:09.217] thr=1   paramiko.transport: userauth is OK
INF [20170830-15:19:09.258] thr=1   paramiko.transport: Authentication (publickey) failed.
DEB [20170830-15:19:09.281] thr=2   paramiko.transport: Trying discovered key f197b7531d8a20d166f9f4249eb702d4 in /home/zhouyong0701/.ssh/id_rsa
DEB [20170830-15:19:09.315] thr=1   paramiko.transport: userauth is OK
INF [20170830-15:19:09.353] thr=1   paramiko.transport: Authentication (publickey) failed.
DEB [20170830-15:19:09.415] thr=1   paramiko.transport: userauth is OK
INF [20170830-15:19:09.449] thr=1   paramiko.transport: Authentication (password) successful!
DEB [20170830-15:19:09.481] thr=2   paramiko.transport: [chan 0] Max packet in: 32768 bytes
DEB [20170830-15:19:09.586] thr=1   paramiko.transport: Received global request "hostkeys-00@openssh.com"
DEB [20170830-15:19:09.586] thr=1   paramiko.transport: Rejecting "hostkeys-00@openssh.com" global request from server.
DEB [20170830-15:19:09.663] thr=1   paramiko.transport: [chan 0] Max packet out: 32768 bytes
DEB [20170830-15:19:09.663] thr=1   paramiko.transport: Secsh channel 0 opened.
DEB [20170830-15:19:09.717] thr=1   paramiko.transport: [chan 0] Sesch channel 0 request ok
DEB [20170830-15:19:09.728] thr=1   paramiko.transport: [chan 0] EOF received (0)
DEB [20170830-15:19:54.552] thr=1   paramiko.transport: starting thread (client mode): 0x86efd150L
DEB [20170830-15:19:54.552] thr=1   paramiko.transport: Local version/idstring: SSH-2.0-paramiko_2.2.1
DEB [20170830-15:19:54.586] thr=1   paramiko.transport: Remote version/idstring: SSH-2.0-OpenSSH_7.2p2 Ubuntu-4ubuntu2.2
INF [20170830-15:19:54.586] thr=1   paramiko.transport: Connected (version 2.0, client OpenSSH_7.2p2)
DEB [20170830-15:19:54.615] thr=1   paramiko.transport: kex algos:[u'curve25519-sha256@libssh.org', u'ecdh-sha2-nistp256', u'ecdh-sha2-nistp384', u'ecdh-sha2-nistp521', u'diffie-hellman-group-exchange-sha256', u'diffie-hellman-group14-sha1'] server key:[u'ssh-rsa', u'rsa-sha2-512', u'rsa-sha2-256', u'ecdsa-sha2-nistp256', u'ssh-ed25519'] client encrypt:[u'chacha20-poly1305@openssh.com', u'aes128-ctr', u'aes192-ctr', u'aes256-ctr', u'aes128-gcm@openssh.com', u'aes256-gcm@openssh.com'] server encrypt:[u'chacha20-poly1305@openssh.com', u'aes128-ctr', u'aes192-ctr', u'aes256-ctr', u'aes128-gcm@openssh.com', u'aes256-gcm@openssh.com'] client mac:[u'umac-64-etm@openssh.com', u'umac-128-etm@openssh.com', u'hmac-sha2-256-etm@openssh.com', u'hmac-sha2-512-etm@openssh.com', u'hmac-sha1-etm@openssh.com', u'umac-64@openssh.com', u'umac-128@openssh.com', u'hmac-sha2-256', u'hmac-sha2-512', u'hmac-sha1'] server mac:[u'umac-64-etm@openssh.com', u'umac-128-etm@openssh.com', u'hmac-sha2-256-etm@openssh.com', u'hmac-sha2-512-etm@openssh.com', u'hmac-sha1-etm@openssh.com', u'umac-64@openssh.com', u'umac-128@openssh.com', u'hmac-sha2-256', u'hmac-sha2-512', u'hmac-sha1'] client compress:[u'none', u'zlib@openssh.com'] server compress:[u'none', u'zlib@openssh.com'] client lang:[u''] server lang:[u''] kex follows?False
DEB [20170830-15:19:54.615] thr=1   paramiko.transport: Kex agreed: ecdh-sha2-nistp256
DEB [20170830-15:19:54.615] thr=1   paramiko.transport: HostKey agreed: ssh-ed25519
DEB [20170830-15:19:54.615] thr=1   paramiko.transport: Cipher agreed: aes128-ctr
DEB [20170830-15:19:54.615] thr=1   paramiko.transport: MAC agreed: hmac-sha2-256
DEB [20170830-15:19:54.615] thr=1   paramiko.transport: Compression agreed: none
DEB [20170830-15:19:54.687] thr=1   paramiko.transport: kex engine KexNistp256 specified hash_algo <built-in function openssl_sha256>
DEB [20170830-15:19:54.687] thr=1   paramiko.transport: Switch to new keys ...
DEB [20170830-15:19:54.716] thr=2   paramiko.transport: Adding ssh-ed25519 host key for 180.76.151.102: 5c22f3ee20ee37bc9262637495e88b2d
DEB [20170830-15:19:54.717] thr=2   paramiko.transport: Trying SSH agent key f197b7531d8a20d166f9f4249eb702d4
DEB [20170830-15:19:54.780] thr=1   paramiko.transport: userauth is OK
INF [20170830-15:19:54.815] thr=1   paramiko.transport: Authentication (publickey) failed.
DEB [20170830-15:19:54.817] thr=2   paramiko.transport: Trying discovered key f197b7531d8a20d166f9f4249eb702d4 in /home/zhouyong0701/.ssh/id_rsa
DEB [20170830-15:19:54.846] thr=1   paramiko.transport: userauth is OK
INF [20170830-15:19:54.877] thr=1   paramiko.transport: Authentication (publickey) failed.
DEB [20170830-15:19:54.909] thr=1   paramiko.transport: userauth is OK
INF [20170830-15:19:54.941] thr=1   paramiko.transport: Authentication (password) successful!
DEB [20170830-15:19:54.945] thr=2   paramiko.transport: [chan 0] Max packet in: 32768 bytes
DEB [20170830-15:19:55.015] thr=1   paramiko.transport: Received global request "hostkeys-00@openssh.com"
DEB [20170830-15:19:55.015] thr=1   paramiko.transport: Rejecting "hostkeys-00@openssh.com" global request from server.
DEB [20170830-15:19:55.083] thr=1   paramiko.transport: [chan 0] Max packet out: 32768 bytes
DEB [20170830-15:19:55.083] thr=1   paramiko.transport: Secsh channel 0 opened.
DEB [20170830-15:19:55.139] thr=1   paramiko.transport: [chan 0] Sesch channel 0 request ok
DEB [20170830-15:19:55.142] thr=1   paramiko.transport: [chan 0] EOF received (0)
DEB [20170830-15:19:55.142] thr=1   paramiko.transport: EOF in transport thread
DEB [20170830-15:21:54.465] thr=1   paramiko.transport: starting thread (client mode): 0x590a9150L
DEB [20170830-15:21:54.466] thr=1   paramiko.transport: Local version/idstring: SSH-2.0-paramiko_2.2.1
DEB [20170830-15:21:54.502] thr=1   paramiko.transport: Remote version/idstring: SSH-2.0-OpenSSH_7.2p2 Ubuntu-4ubuntu2.2
INF [20170830-15:21:54.502] thr=1   paramiko.transport: Connected (version 2.0, client OpenSSH_7.2p2)
DEB [20170830-15:21:54.533] thr=1   paramiko.transport: kex algos:[u'curve25519-sha256@libssh.org', u'ecdh-sha2-nistp256', u'ecdh-sha2-nistp384', u'ecdh-sha2-nistp521', u'diffie-hellman-group-exchange-sha256', u'diffie-hellman-group14-sha1'] server key:[u'ssh-rsa', u'rsa-sha2-512', u'rsa-sha2-256', u'ecdsa-sha2-nistp256', u'ssh-ed25519'] client encrypt:[u'chacha20-poly1305@openssh.com', u'aes128-ctr', u'aes192-ctr', u'aes256-ctr', u'aes128-gcm@openssh.com', u'aes256-gcm@openssh.com'] server encrypt:[u'chacha20-poly1305@openssh.com', u'aes128-ctr', u'aes192-ctr', u'aes256-ctr', u'aes128-gcm@openssh.com', u'aes256-gcm@openssh.com'] client mac:[u'umac-64-etm@openssh.com', u'umac-128-etm@openssh.com', u'hmac-sha2-256-etm@openssh.com', u'hmac-sha2-512-etm@openssh.com', u'hmac-sha1-etm@openssh.com', u'umac-64@openssh.com', u'umac-128@openssh.com', u'hmac-sha2-256', u'hmac-sha2-512', u'hmac-sha1'] server mac:[u'umac-64-etm@openssh.com', u'umac-128-etm@openssh.com', u'hmac-sha2-256-etm@openssh.com', u'hmac-sha2-512-etm@openssh.com', u'hmac-sha1-etm@openssh.com', u'umac-64@openssh.com', u'umac-128@openssh.com', u'hmac-sha2-256', u'hmac-sha2-512', u'hmac-sha1'] client compress:[u'none', u'zlib@openssh.com'] server compress:[u'none', u'zlib@openssh.com'] client lang:[u''] server lang:[u''] kex follows?False
DEB [20170830-15:21:54.534] thr=1   paramiko.transport: Kex agreed: ecdh-sha2-nistp256
DEB [20170830-15:21:54.534] thr=1   paramiko.transport: HostKey agreed: ssh-ed25519
DEB [20170830-15:21:54.534] thr=1   paramiko.transport: Cipher agreed: aes128-ctr
DEB [20170830-15:21:54.534] thr=1   paramiko.transport: MAC agreed: hmac-sha2-256
DEB [20170830-15:21:54.534] thr=1   paramiko.transport: Compression agreed: none
DEB [20170830-15:21:54.608] thr=1   paramiko.transport: kex engine KexNistp256 specified hash_algo <built-in function openssl_sha256>
DEB [20170830-15:21:54.609] thr=1   paramiko.transport: Switch to new keys ...
DEB [20170830-15:21:54.629] thr=2   paramiko.transport: Adding ssh-ed25519 host key for 180.76.151.102: 5c22f3ee20ee37bc9262637495e88b2d
DEB [20170830-15:21:54.630] thr=2   paramiko.transport: Trying SSH agent key f197b7531d8a20d166f9f4249eb702d4
DEB [20170830-15:21:54.709] thr=1   paramiko.transport: userauth is OK
INF [20170830-15:21:54.747] thr=1   paramiko.transport: Authentication (publickey) failed.
DEB [20170830-15:21:54.763] thr=2   paramiko.transport: Trying discovered key f197b7531d8a20d166f9f4249eb702d4 in /home/zhouyong0701/.ssh/id_rsa
DEB [20170830-15:21:54.794] thr=1   paramiko.transport: userauth is OK
INF [20170830-15:21:54.828] thr=1   paramiko.transport: Authentication (publickey) failed.
DEB [20170830-15:21:54.896] thr=1   paramiko.transport: userauth is OK
INF [20170830-15:21:54.930] thr=1   paramiko.transport: Authentication (password) successful!
DEB [20170830-15:21:54.963] thr=2   paramiko.transport: [chan 0] Max packet in: 32768 bytes
DEB [20170830-15:21:55.002] thr=1   paramiko.transport: Received global request "hostkeys-00@openssh.com"
DEB [20170830-15:21:55.002] thr=1   paramiko.transport: Rejecting "hostkeys-00@openssh.com" global request from server.
DEB [20170830-15:21:55.071] thr=1   paramiko.transport: [chan 0] Max packet out: 32768 bytes
DEB [20170830-15:21:55.071] thr=1   paramiko.transport: Secsh channel 0 opened.
DEB [20170830-15:21:55.112] thr=1   paramiko.transport: [chan 0] Sesch channel 0 request ok
DEB [20170830-15:21:55.115] thr=1   paramiko.transport: [chan 0] EOF received (0)
DEB [20170830-15:21:55.115] thr=1   paramiko.transport: [chan 0] EOF sent (0)
DEB [20170830-15:21:55.116] thr=1   paramiko.transport: Dropping user packet because connection is dead.
DEB [20170830-15:21:55.116] thr=1   paramiko.transport: Dropping user packet because connection is dead.
